load start
Stage loaded
Stage loaded
hitleg  530.0  0.0
hitleg  530.0  0.0
hitRight  185.0  8.300000000000004
hitRight  185.0  9.600000000000005
hitRight33 185.0  9.600000000000005
hitRight  185.0  10.900000000000006
hitRight33 185.0  10.900000000000006
hitRight  185.0  12.200000000000006
hitRight33 185.0  12.200000000000006
hitRight  185.0  13.500000000000007
hitRight33 185.0  13.500000000000007
hitleg  530.0  0.0
else  -47
hitleg  380.0  0.0
hitleg  530.0  0.0
hitRight  185.0  8.300000000000004
hitRight  185.0  9.600000000000005
hitRight33 185.0  9.600000000000005
hitRight4 185.0  10.900000000000006
hitRight33 185.0  10.900000000000006
hitRight  185.0  12.200000000000006
hitRight33 185.0  12.200000000000006
hitRight  185.0  13.500000000000007
hitRight33 185.0  13.500000000000007
hitRight  185.0  14.800000000000008
hitRight33 185.0  14.800000000000008
hitRight33 185.0  16.10000000000001
hitleg  530.0  0.0
hitLeft  65.0  -20.900000000000002  3.141592653589793
ãÛêUÇË
hitLeft  65.0  -20.900000000000002  3.141592653589793
hitLeft33 65.0  0.0
else  0
hitLeft33 65.0  0.0
else  0
hitLeft33 65.0  0.0
hitleg  380.0  0.0
hitLeft  65.0  15.600000000000003  2.2930813965773247
ãÛêUÇË
else  0
hitLeft33 65.0  0.0
hitLeft33 65.0  0.0
hitLeft33 65.0  0.0
hitLeft33 65.0  0.0
else  0
hitLeft33 65.0  0.0
hitLeft33 65.0  0.0
ãÛêUÇË
hitleft222  -50
hitleg  530.0  0.0
else  0
hitLeft33 65.0  0.0
else  0
hitLeft33 65.0  0.0
hitleg  380.0  0.0
hitLeft  65.0  19.0  2.142133806628524
ãÛêUÇË
hitleg  530.0  0.0
else  0
hitLeft33 65.0  0.0
else  0
hitLeft33 65.0  0.0
else  0
hitLeft33 65.0  0.0
hitleg  530.0  0.0
hitleg  530.0  0.0
hitleg  530.0  0.0
hitleg  530.0  0.0
hitLeft  65.0  0.0  3.141592653589793
head
hitleg  530.0  0.0
head
hitleg  530.0  0.0
head
hitleg  530.0  0.0
head
hitleg  530.0  0.0
head
hitleg  530.0  0.0
head
hitleg  530.0  0.0
head
hitleg  530.0  0.0
head
hitleg  530.0  0.0
head
hitleg  530.0  0.0
head
head
hitleg  530.0  0.0
head
hitleg  530.0  0.0
head
hitleg  530.0  0.0
head
head
hitleg  530.0  0.0
head
head
hitleg  530.0  0.0
head
hitleg  530.0  0.0
head
hitleg  530.0  0.0
head
hitleg  530.0  0.0
head
hitleg  530.0  0.0
head
hitleg  530.0  0.0
head
hitleg  530.0  0.0
head
hitleg  530.0  0.0
head
hitleg  530.0  0.0
hitLeft  65.0  0.0  3.141592653589793
else  0
hitLeft33 65.0  0.0
else  0
hitLeft33 65.0  0.0
else  0
hitLeft33 65.0  0.0
hitRight  185.0  6.940000000000006
ãÛêUÇË
hitRight  185.0  8.240000000000006
hitRight33 185.0  8.240000000000006
hitRight4 185.0  9.540000000000006
hitRight33 185.0  9.540000000000006
hitRight4 185.0  10.840000000000007
hitRight33 185.0  10.840000000000007
hitRight  185.0  12.140000000000008
hitRight33 185.0  12.140000000000008
hitRight  185.0  13.440000000000008
hitRight33 185.0  13.440000000000008
hitRight  185.0  14.740000000000009
hitRight33 185.0  14.740000000000009
hitRight33 185.0  16.04000000000001
hitleg  530.0  0.0
hitRight  185.0  7.020000000000004
ãÛêUÇË
hitRight  185.0  8.320000000000004
hitRight33 185.0  8.320000000000004
hitRight4 185.0  9.620000000000005
hitRight33 185.0  9.620000000000005
hitRight  185.0  10.920000000000005
hitRight33 185.0  10.920000000000005
hitRight  185.0  12.220000000000006
hitRight33 185.0  12.220000000000006
hitRight  185.0  13.520000000000007
hitRight33 185.0  13.520000000000007
else  -80
hitRight33 185.0  14.820000000000007
hitRight33 185.0  16.120000000000008
hitleg  530.0  0.0
hitRight  185.0  7.520000000000004
hitRight  185.0  8.820000000000004
hitRight33 185.0  8.820000000000004
hitRight  185.0  10.120000000000005
hitRight33 185.0  10.120000000000005
hitRight  185.0  11.420000000000005
hitRight33 185.0  11.420000000000005
hitRight  185.0  12.720000000000006
hitRight33 185.0  12.720000000000006
hitRight  185.0  14.020000000000007
hitRight33 185.0  14.020000000000007
hitRight33 185.0  15.320000000000007
hitleg  530.0  0.0
hitRight  185.0  9.080000000000005
hitRight  185.0  10.380000000000006
hitRight33 185.0  10.380000000000006
hitRight  185.0  11.680000000000007
hitRight33 185.0  11.680000000000007
hitRight  185.0  12.980000000000008
hitRight33 185.0  12.980000000000008
hitRight  185.0  14.280000000000008
hitRight33 185.0  14.280000000000008
hitleg  530.0  0.0
else  -39
hitleg  380.0  0.0
ãÛêUÇË
hitleg  530.0  0.0
head
hitLeft  65.0  -16.919999999999998  -1.9706430151518575
hitLeft33 65.0  0.0
else  0
hitLeft33 65.0  0.0
hitRight  185.0  9.080000000000005
ãÛêUÇË
hitRight  185.0  10.380000000000006
hitRight33 185.0  10.380000000000006
hitRight4 185.0  11.680000000000007
hitRight33 185.0  11.680000000000007
hitRight  185.0  12.980000000000008
hitRight33 185.0  12.980000000000008
hitRight  185.0  14.280000000000008
hitRight33 185.0  14.280000000000008
else  -80
hitRight33 185.0  15.580000000000009
hitRight33 185.0  16.88000000000001
hitleg  530.0  0.0
hitRight  185.0  6.700000000000004
hitRight  185.0  8.000000000000004
hitRight33 185.0  8.000000000000004
hitRight  185.0  9.300000000000004
hitRight33 185.0  9.300000000000004
hitRight  185.0  10.600000000000005
hitRight33 185.0  10.600000000000005
hitRight  185.0  11.900000000000006
hitRight33 185.0  11.900000000000006
hitRight  185.0  13.200000000000006
hitRight33 185.0  13.200000000000006
hitRight33 185.0  14.500000000000007
hitleg  530.0  0.0
hitLeft  65.0  0.0  3.141592653589793
hitLeft  65.0  0.0  3.141592653589793
hitLeft33 65.0  -1.3
else  0
hitLeft33 65.0  0.0
else  0
hitLeft33 65.0  0.0
else  0
hitLeft33 65.0  0.0
else  0
hitLeft33 65.0  0.0
ãÛêUÇË
else  0
hitLeft33 65.0  0.0
hitLeft33 65.0  0.0
else  0
hitLeft33 65.0  0.0
else  0
hitLeft33 65.0  0.0
hitLeft33 65.0  0.0
ãÛêUÇË
else  0
hitLeft33 65.0  0.0
hitLeft33 65.0  0.0
else  0
hitLeft33 65.0  0.0
else  0
hitLeft33 65.0  0.0
hitLeft33 65.0  0.0
else  0
hitLeft33 65.0  0.0
hitLeft33 65.0  0.0
ãÛêUÇË
else  0
hitLeft33 65.0  0.0
hitLeft33 65.0  0.0
else  0
hitLeft33 65.0  0.0
hitRight  185.0  9.600000000000005
hitRight  185.0  10.900000000000006
hitRight33 185.0  10.900000000000006
hitRight  185.0  12.200000000000006
hitRight33 185.0  12.200000000000006
hitRight  185.0  13.500000000000007
hitRight33 185.0  13.500000000000007
hitleg  530.0  0.0
hitRight  185.0  8.480000000000004
hitRight  185.0  9.780000000000005
hitRight33 185.0  9.780000000000005
hitRight  185.0  11.080000000000005
hitRight33 185.0  11.080000000000005
hitRight  185.0  12.380000000000006
hitRight33 185.0  12.380000000000006
hitRight  185.0  13.680000000000007
hitRight33 185.0  13.680000000000007
else  -80
hitRight33 185.0  14.980000000000008
hitleg  530.0  0.0
ãÛêUÇË
hitLeft  65.0  -16.259999999999998  -2.0970275900123774
else  -76
hitleg  380.0  0.0
hitLeft  65.0  13.000000000000002  2.3162158030690554
hitLeft33 65.0  0.0
hitLeft33 65.0  0.0
else  0
hitLeft33 65.0  0.0
hitLeft33 65.0  0.0
ãÛêUÇË
else  0
hitLeft33 65.0  0.0
hitLeft33 65.0  0.0
hitleg  530.0  0.0
hitRight  185.0  7.420000000000006
hitRight  185.0  8.720000000000006
hitRight33 185.0  8.720000000000006
hitRight4 185.0  10.020000000000007
hitRight33 185.0  10.020000000000007
hitRight  185.0  11.320000000000007
hitRight33 185.0  11.320000000000007
hitRight  185.0  12.620000000000008
hitRight33 185.0  12.620000000000008
hitRight  185.0  13.920000000000009
hitRight33 185.0  13.920000000000009
hitRight33 185.0  15.22000000000001
hitleg  530.0  0.0
hitRight  185.0  11.780000000000008
hitRight  185.0  13.080000000000009
hitRight33 185.0  13.080000000000009
hitRight  185.0  14.38000000000001
hitRight33 185.0  14.38000000000001
hitRight  185.0  15.68000000000001
hitRight33 185.0  15.68000000000001
hitleg  530.0  0.0
else  -36
hitleg  380.0  0.0
ãÛêUÇË
hitleg  530.0  0.0
hitRight  185.0  -3.399999999999995
hitRight  185.0  -2.099999999999995
hitRight33 185.0  -2.099999999999995
hitRight33 185.0  -0.7999999999999952
hitRight  185.0  0.5000000000000049
hitRight33 185.0  0.5000000000000049
hitRight  185.0  1.800000000000005
hitRight33 185.0  1.800000000000005
hitRight33 185.0  3.100000000000005
hitRight33 185.0  4.400000000000005
hitRight33 185.0  5.700000000000005
hitRight33 185.0  7.000000000000004
else  -80
hitRight33 185.0  8.300000000000004
else  -80
hitRight33 185.0  9.600000000000005
else  -80
hitRight33 185.0  10.900000000000006
else  -80
hitRight33 185.0  12.200000000000006
else  -80
hitRight33 185.0  13.500000000000007
hitleg  530.0  0.0
else  -68
hitleg  380.0  0.0
hitLeft  365.0  11.700000000000001  1.9379701606131159
hitLeft  365.0  13.000000000000002  1.9601130486280376
hitLeft33 365.0  -0.8
hitLeft33 365.0  -0.8
hitleg  530.0  0.0
else  -58
hitleg  380.0  0.0
hitleg  530.0  0.0
hitRight  185.0  10.980000000000008
hitRight  185.0  12.280000000000008
hitRight33 185.0  12.280000000000008
hitRight  185.0  13.580000000000009
hitRight33 185.0  13.580000000000009
hitRight  185.0  14.88000000000001
hitRight33 185.0  14.88000000000001
hitRight  185.0  16.18000000000001
hitRight33 185.0  16.18000000000001
hitRight33 185.0  17.48000000000001
hitleg  530.0  0.0
hitRight  185.0  6.360000000000004
hitRight  185.0  7.660000000000004
hitRight33 185.0  7.660000000000004
hitRight4 185.0  8.960000000000004
hitRight33 185.0  8.960000000000004
hitRight  185.0  10.260000000000005
hitRight33 185.0  10.260000000000005
hitRight  185.0  11.560000000000006
hitRight33 185.0  11.560000000000006
hitRight  185.0  12.860000000000007
hitRight33 185.0  12.860000000000007
hitRight  185.0  14.160000000000007
hitRight33 185.0  14.160000000000007
hitleg  530.0  0.0
else  -57
hitleg  380.0  0.0
hitleg  530.0  0.0
ãÛêUÇË
else  -59
hitleg  380.0  0.0
hitleg  530.0  0.0
else  -52
hitleg  380.0  0.0
hitleg  530.0  0.0
else  -49
hitleg  380.0  0.0
hitleg  530.0  0.0
hitRight  185.0  6.940000000000006
ãÛêUÇË
hitRight  185.0  8.240000000000006
hitRight33 185.0  8.240000000000006
hitRight4 185.0  9.540000000000006
hitRight33 185.0  9.540000000000006
hitRight33 185.0  10.840000000000007
else  -80
hitRight33 185.0  12.140000000000008
else  -80
hitRight33 185.0  13.440000000000008
else  -80
hitRight33 185.0  14.740000000000009
hitRight33 185.0  16.04000000000001
hitleg  530.0  0.0
else  -68
hitleg  380.0  0.0
hitleg  530.0  0.0
hitRight  185.0  12.720000000000006
hitRight  185.0  14.020000000000007
hitRight33 185.0  14.020000000000007
hitRight33 185.0  15.320000000000007
hitleg  530.0  0.0
else  -71
hitleg  380.0  0.0
hitleg  530.0  0.0
hitRight  185.0  4.400000000000005
hitRight  185.0  5.700000000000005
hitRight33 185.0  5.700000000000005
hitRight33 185.0  7.000000000000004
else  -80
hitRight33 185.0  8.300000000000004
else  -80
hitRight33 185.0  9.600000000000005
else  -80
hitRight33 185.0  10.900000000000006
else  -80
hitRight33 185.0  12.200000000000006
else  -80
hitRight33 185.0  13.500000000000007
hitleg  530.0  0.0
hitRight  185.0  -9.659999999999993
hitRight33 185.0  -8.359999999999992
hitRight33 185.0  -7.0599999999999925
hitleg  380.0  0.0
hitleg  530.0  0.0
hitRight  185.0  -12.259999999999994
hitRight  185.0  -10.959999999999994
hitRight33 185.0  -10.959999999999994
hitRight  185.0  -9.659999999999993
hitRight33 185.0  -9.659999999999993
hitRight33 185.0  -8.359999999999992
hitRight33 185.0  -7.0599999999999925
hitleg  380.0  0.0
hitleg  530.0  0.0
hitLeft  65.0  2.6200000000000045  2.897502089696581
hitLeft  65.0  3.9200000000000044  2.682483591338707
hitLeft33 65.0  -0.8
hitLeft  65.0  3.9200000000000044  2.682483591338707
hitLeft33 65.0  -0.8
ãÛêUÇË
hitLeft  65.0  5.220000000000004  1.7721134351695373
hitLeft33 65.0  -0.8
hitLeft33 65.0  -0.8
hitLeft  65.0  6.520000000000004  1.7228697842489251
hitLeft33 65.0  -0.8
hitLeft33 65.0  -0.8
hitLeft  65.0  7.820000000000004  1.6928854641921947
hitLeft33 65.0  -0.8
hitLeft33 65.0  -0.8
hitLeft33 65.0  -0.8
hitLeft33 65.0  -0.8
hitLeft  65.0  10.420000000000005  1.658291667597288
hitLeft33 65.0  -0.8
hitLeft  65.0  11.720000000000006  1.6474214398476164
hitLeft33 65.0  -0.8
hitLeft33 65.0  -0.8
ãÛêUÇË
hitLeft  65.0  13.020000000000007  1.6389499932059237
hitLeft33 65.0  -0.8
hitLeft33 65.0  -0.8
hitLeft  65.0  14.320000000000007  1.6321631096349747
hitLeft33 65.0  -0.8
hitLeft33 65.0  -0.8
else  0
hitLeft33 65.0  0.0
hitleg  530.0  0.0
hitLeft  65.0  5.940000000000007  2.7640369908408386
hitLeft  65.0  5.940000000000007  2.7640369908408386
ãÛêUÇË
hitLeft  65.0  7.240000000000006  2.7129964311014128
hitLeft33 65.0  -1.3
hitLeft  65.0  7.240000000000006  2.7129964311014128
hitLeft33 65.0  -1.3
hitLeft  65.0  8.540000000000006  1.7484611141290556
hitLeft33 65.0  -1.3
hitLeft33 65.0  -1.3
hitLeft  65.0  9.840000000000007  1.7218614283866633
hitLeft33 65.0  -1.3
hitLeft33 65.0  -1.3
hitLeft33 65.0  -1.3
hitLeft  65.0  11.140000000000008  1.7021494575347795
hitLeft33 65.0  -1.3
hitLeft  65.0  12.440000000000008  1.6869674739700813
hitLeft33 65.0  -1.3
hitLeft33 65.0  -1.3
ãÛêUÇË
hitLeft  65.0  13.740000000000009  1.6749200015229728
hitLeft33 65.0  -1.3
hitLeft33 65.0  -1.3
hitLeft  65.0  15.04000000000001  1.6651297739597133
hitLeft33 65.0  -1.3
hitLeft33 65.0  -1.3
hitLeft  65.0  16.34000000000001  1.6570181958737409
hitLeft33 65.0  -1.3
hitLeft  65.0  17.64000000000001  1.6501884628635017
hitLeft33 65.0  -1.3
hitLeft33 65.0  -1.3
ãÛêUÇË
hitLeft  65.0  18.940000000000012  1.644359487424097
hitLeft33 65.0  -1.3
hitLeft33 65.0  -1.3
hitLeft  65.0  19.0  1.639326646426792
hitLeft33 65.0  -1.3
hitLeft33 65.0  -1.3
ãÛêUÇË
hitleft222  -50
hitleg  530.0  0.0
else  0
hitLeft33 65.0  0.0
else  0
hitLeft33 65.0  0.0
else  0
hitLeft33 65.0  0.0
else  0
hitLeft33 65.0  0.0
else  0
hitLeft33 65.0  0.0
else  0
hitLeft33 65.0  0.0
else  -16
hitleg  380.0  0.0
hitLeft  65.0  10.780000000000005  2.5223396085583234
hitLeft  65.0  10.780000000000005  2.5223396085583234
hitLeft  65.0  12.080000000000005  2.46046610212
hitLeft33 65.0  -1.3
hitLeft  65.0  13.380000000000006  1.6779996442336986
hitLeft33 65.0  -1.3
hitLeft33 65.0  -1.3
ãÛêUÇË
hitLeft  65.0  14.680000000000007  1.6676522553934843
hitLeft33 65.0  -1.3
hitLeft33 65.0  -1.3
hitLeft33 65.0  -1.3
hitLeft33 65.0  -1.3
hitLeft  65.0  17.28000000000001  1.6519692612148384
hitLeft33 65.0  -0.8
hitLeft33 65.0  -0.8
ãÛêUÇË
hitLeft  65.0  18.58000000000001  1.6170595892192536
hitLeft33 65.0  -0.8
hitLeft33 65.0  -0.8
hitLeft33 65.0  -0.8
hitLeft  65.0  19.0  1.6128767342367873
hitLeft33 65.0  -0.8
hitLeft33 65.0  -0.8
ãÛêUÇË
hitLeft  65.0  19.0  1.6128767342367873
hitLeft33 65.0  -0.8
hitLeft33 65.0  -0.8
hitLeft  65.0  19.0  1.6128767342367873
hitLeft33 65.0  -0.8
hitLeft  65.0  19.0  1.6128767342367873
hitLeft33 65.0  -0.8
hitLeft33 65.0  -0.8
ãÛêUÇË
hitLeft  65.0  19.0  1.6128767342367873
hitLeft33 65.0  -0.8
hitLeft33 65.0  -0.8
hitLeft  65.0  19.0  1.6128767342367873
hitLeft33 65.0  -0.8
hitLeft33 65.0  -0.8
ãÛêUÇË
hitLeft  65.0  19.0  1.6128767342367873
hitLeft33 65.0  -0.8
hitLeft33 65.0  -0.8
hitLeft  65.0  19.0  1.6128767342367873
hitLeft33 65.0  -0.8
hitLeft  65.0  19.0  1.6128767342367873
hitLeft33 65.0  -0.8
hitLeft33 65.0  -0.8
ãÛêUÇË
hitleft222  -50
hitleg  530.0  0.0
hitLeft  65.0  0.0  3.141592653589793
hitLeft33 65.0  -0.8
hitLeft  65.0  0.0  3.141592653589793
hitLeft33 65.0  -0.8
hitLeft  65.0  0.0  3.141592653589793
hitLeft33 65.0  -0.8
hitLeft  65.0  0.0  3.141592653589793
hitLeft33 65.0  -0.8
else  0
hitLeft33 65.0  0.0
hitleg  380.0  0.0
hitLeft  65.0  10.4  2.5415424401880395
hitLeft  65.0  11.700000000000001  2.477952087982806
hitLeft33 65.0  -1.3
hitLeft  65.0  11.700000000000001  2.477952087982806
hitLeft33 65.0  -1.3
ãÛêUÇË
hitLeft  65.0  13.000000000000002  1.6814535479687924
hitLeft33 65.0  -1.3
hitLeft33 65.0  -1.3
hitLeft33 65.0  -1.3
hitLeft33 65.0  -1.3
hitLeft  65.0  15.600000000000003  1.661456213995642
hitLeft33 65.0  -1.3
hitLeft33 65.0  -1.3
ãÛêUÇË
hitLeft  65.0  16.900000000000002  1.653937558683338
hitLeft33 65.0  -1.3
hitLeft33 65.0  -1.3
hitLeft33 65.0  -1.3
hitLeft33 65.0  -1.3
hitLeft  65.0  19.0  1.642103791580187
hitLeft33 65.0  -1.3
hitLeft33 65.0  -1.3
ãÛêUÇË
hitleft222  -50
hitleg  530.0  0.0
hitLeft  65.0  0.0  3.141592653589793
hitLeft33 65.0  -1.3
hitLeft  65.0  0.0  3.141592653589793
hitLeft33 65.0  -1.3
hitLeft  65.0  0.0  3.141592653589793
hitLeft33 65.0  -1.3
else  0
hitLeft33 65.0  0.0
else  0
hitLeft33 65.0  0.0
else  0
hitLeft33 65.0  0.0
else  0
hitLeft33 65.0  0.0
else  0
hitLeft33 65.0  0.0
else  0
hitLeft33 65.0  0.0
else  0
hitLeft33 65.0  0.0
else  0
hitLeft33 65.0  0.0
else  0
hitLeft33 65.0  0.0
else  0
hitLeft33 65.0  0.0
else  0
hitLeft33 65.0  0.0
else  0
hitLeft33 65.0  0.0
else  0
hitLeft33 65.0  0.0
else  0
hitLeft33 65.0  0.0
else  0
hitLeft33 65.0  0.0
else  0
hitLeft33 65.0  0.0
else  0
hitLeft33 65.0  0.0
else  0
hitLeft33 65.0  0.0
else  0
hitLeft33 65.0  0.0
else  0
hitLeft33 65.0  0.0
else  0
hitLeft33 65.0  0.0
else  0
hitLeft33 65.0  0.0
else  0
hitLeft33 65.0  0.0
else  0
hitLeft33 65.0  0.0
else  0
hitLeft33 65.0  0.0
else  0
hitLeft33 65.0  0.0
hitLeft  65.0  1.180000000000004  -3.1189550119318965
hitLeft  65.0  2.480000000000004  2.9225241871617977
hitLeft33 65.0  -0.8
hitLeft  65.0  3.780000000000004  1.8828384483574296
hitLeft33 65.0  -0.8
hitLeft  65.0  5.080000000000004  1.7793589351239336
hitLeft33 65.0  -0.8
hitLeft33 65.0  -0.8
ãÛêUÇË
hitLeft  65.0  6.3800000000000034  1.7269938366335655
hitLeft33 65.0  -0.8
hitLeft33 65.0  -0.8
hitLeft  65.0  7.680000000000003  1.6955371237916526
hitLeft33 65.0  -0.8
hitLeft33 65.0  -0.8
hitLeft33 65.0  -0.8
hitLeft33 65.0  -0.8
hitLeft33 65.0  -0.8
hitLeft  65.0  10.280000000000005  1.6596486240784187
hitLeft33 65.0  -0.8
hitLeft  65.0  11.580000000000005  1.6484608093182542
hitLeft33 65.0  -0.8
hitLeft  65.0  12.880000000000006  1.6397713627138437
hitLeft33 65.0  -0.8
hitLeft33 65.0  -0.8
ãÛêUÇË
hitLeft  65.0  14.180000000000007  1.6328284392076542
hitLeft33 65.0  -0.8
hitLeft33 65.0  -0.8
hitLeft  65.0  15.480000000000008  1.6271540725727898
hitLeft33 65.0  -0.8
hitLeft  65.0  16.78000000000001  1.6224299786816037
hitLeft33 65.0  -0.8
hitLeft33 65.0  -0.8
ãÛêUÇË
hitLeft  65.0  18.08000000000001  1.6184360584199706
hitLeft33 65.0  -0.8
hitLeft33 65.0  -0.8
hitLeft  65.0  19.0  1.6150152711905497
hitLeft33 65.0  -0.8
hitLeft  65.0  19.0  1.6128767342367873
hitLeft33 65.0  -0.8
hitLeft33 65.0  -0.8
ãÛêUÇË
hitleft222  -50
hitleg  530.0  0.0
hitLeft  65.0  0.0  3.141592653589793
hitLeft33 65.0  -0.8
hitLeft  65.0  0.0  3.141592653589793
hitLeft33 65.0  -0.8
else  0
hitLeft33 65.0  0.0
else  0
hitLeft33 65.0  0.0
else  0
hitLeft33 65.0  0.0
else  0
hitLeft33 65.0  0.0
else  0
hitLeft33 65.0  0.0
else  0
hitLeft33 65.0  0.0
else  0
hitLeft33 65.0  0.0
else  0
hitLeft33 65.0  0.0
else  -59
hitleg  380.0  0.0
hitLeft  65.0  13.000000000000002  2.420107322981079
hitLeft33 65.0  -1.3
hitLeft33 65.0  -1.3
else  0
hitLeft33 65.0  0.0
hitLeft33 65.0  0.0
ãÛêUÇË
else  0
hitLeft33 65.0  0.0
hitLeft33 65.0  0.0
hitLeft33 65.0  0.0
hitLeft33 65.0  0.0
else  0
hitLeft33 65.0  0.0
hitLeft33 65.0  0.0
ãÛêUÇË
hitleft222  -50
hitleg  530.0  0.0
else  0
hitLeft33 65.0  0.0
else  0
hitLeft33 65.0  0.0
else  0
hitLeft33 65.0  0.0
else  0
hitLeft33 65.0  0.0
else  0
hitLeft33 65.0  0.0
else  0
hitLeft33 65.0  0.0
else  0
hitLeft33 65.0  0.0
else  0
hitLeft33 65.0  0.0
else  0
hitLeft33 65.0  0.0
else  0
hitLeft33 65.0  0.0
ãÛêUÇË
else  0
hitLeft33 65.0  0.0
hitLeft33 65.0  0.0
else  0
hitLeft33 65.0  0.0
hitRight  185.0  0.5000000000000049
hitRight  185.0  1.800000000000005
hitRight33 185.0  1.800000000000005
hitRight33 185.0  3.100000000000005
hitRight33 185.0  4.400000000000005
hitRight33 185.0  5.700000000000005
hitRight4 185.0  7.000000000000004
hitRight33 185.0  7.000000000000004
else  -80
hitRight33 185.0  8.300000000000004
else  -80
hitRight33 185.0  9.600000000000005
else  -80
hitRight33 185.0  10.900000000000006
else  -80
hitRight33 185.0  12.200000000000006
else  -80
hitRight33 185.0  13.500000000000007
hitleg  530.0  0.0
else  -63
hitleg  380.0  0.0
hitleg  530.0  0.0
hitleg  530.0  0.0
head
hitLeft  65.0  -6.059999999999993  -2.1858858998515895
hitleg  530.0  0.0
hitLeft  65.0  -11.259999999999994  -2.3848023059397576
hitLeft  65.0  -9.959999999999994  -2.439066143977059
hitLeft33 65.0  -1.3
hitLeft33 65.0  -1.3
ãÛêUÇË
hitLeft  65.0  -8.659999999999993  -1.7005847082290768
hitLeft33 65.0  -1.3
hitLeft33 65.0  -1.3
hitLeft  65.0  -7.359999999999993  -1.719799204951627
hitLeft33 65.0  -1.3
hitLeft33 65.0  -1.3
hitLeft  65.0  -6.059999999999993  -1.7456235405282938
hitLeft33 65.0  -1.3
hitLeft33 65.0  0.0
hitLeft33 65.0  0.0
hitRight  185.0  16.04000000000001
else  -80
hitRight33 185.0  17.34000000000001
hitleg  530.0  0.0
head
hitLeft  65.0  -17.759999999999998  -2.1800418551842347
hitLeft33 65.0  -1.3
hitLeft  65.0  -16.459999999999997  -2.213576325202988
hitLeft33 65.0  -1.3
hitLeft  65.0  -15.159999999999997  -1.649612065088679
hitLeft33 65.0  -1.3
hitLeft33 65.0  -1.3
ãÛêUÇË
hitLeft  65.0  -13.859999999999996  -1.6563390386208856
hitLeft33 65.0  -1.3
hitLeft33 65.0  -1.3
hitLeft  65.0  -12.559999999999995  -1.6643178086820782
hitLeft33 65.0  -1.3
hitLeft  65.0  -11.259999999999994  -1.6739322624756898
hitLeft33 65.0  -1.3
hitLeft33 65.0  -1.3
hitLeft  65.0  -9.959999999999994  -1.6857403494570251
hitLeft33 65.0  -1.3
hitLeft33 65.0  -1.3
ãÛêUÇË
hitLeft  65.0  -8.659999999999993  -1.7005847082290768
hitLeft33 65.0  -1.3
hitLeft33 65.0  -1.3
hitLeft  65.0  -7.359999999999993  -1.719799204951627
hitLeft33 65.0  -1.3
hitLeft33 65.0  -1.3
hitLeft  65.0  -6.059999999999993  -1.7456235405282938
hitLeft33 65.0  -1.3
hitLeft33 65.0  -1.3
hitLeft33 65.0  -1.3
hitLeft  65.0  -3.4599999999999937  -1.8374038682877616
hitLeft33 65.0  -1.3
hitLeft33 65.0  -1.3
else  0
hitLeft33 65.0  0.0
hitLeft33 65.0  0.0
else  0
hitLeft33 65.0  0.0
hitLeft33 65.0  0.0
hitRight  185.0  17.34000000000001
hitleg  530.0  0.0
ãÛêUÇË
hitLeft  65.0  -12.239999999999995  -2.3472528507090153
hitLeft  65.0  -10.939999999999994  -2.3976742081477855
hitLeft33 65.0  -1.3
hitLeft33 65.0  -1.3
hitLeft  65.0  -9.639999999999993  -1.6890716844712867
hitLeft33 65.0  -1.3
hitLeft33 65.0  -1.3
ãÛêUÇË
hitLeft  65.0  -8.339999999999993  -1.7048424231961476
hitLeft33 65.0  -1.3
hitLeft33 65.0  -1.3
hitLeft  65.0  -7.039999999999993  -1.7254272775287731
hitLeft33 65.0  -1.3
hitLeft33 65.0  -1.3
hitLeft  65.0  -5.739999999999993  -1.7533984453526594
hitLeft33 65.0  -1.3
hitleg  530.0  0.0
ãÛêUÇË
head
hitLeft  65.0  -13.859999999999996  -2.290932417660038
hitLeft33 65.0  0.0
else  0
hitLeft33 65.0  0.0
hitRight  185.0  10.840000000000007
ãÛêUÇË
hitRight  185.0  12.140000000000008
hitRight33 185.0  12.140000000000008
hitRight  185.0  13.440000000000008
hitRight33 185.0  13.440000000000008
hitRight  185.0  14.740000000000009
hitRight33 185.0  14.740000000000009
hitRight  185.0  16.04000000000001
hitRight33 185.0  16.04000000000001
hitRight  185.0  17.34000000000001
hitRight33 185.0  17.34000000000001
hitleg  530.0  0.0
ãÛêUÇË
hitLeft  65.0  -16.459999999999997  -2.213576325202988
hitLeft33 65.0  -1.3
ãÛêUÇË
hitLeft  65.0  -15.159999999999997  -2.250408079206918
hitLeft33 65.0  -1.3
hitLeft33 65.0  -1.3
hitLeft  65.0  -13.859999999999996  -1.6563390386208856
hitLeft33 65.0  -1.3
hitLeft33 65.0  -1.3
hitLeft  65.0  -12.559999999999995  -1.6643178086820782
hitLeft33 65.0  -1.3
hitLeft  65.0  -11.259999999999994  -1.6739322624756898
hitLeft33 65.0  -1.3
hitLeft33 65.0  -1.3
hitLeft  65.0  -9.959999999999994  -1.6857403494570251
hitLeft33 65.0  -1.3
hitRight  185.0  12.140000000000008
hitRight4 185.0  13.440000000000008
hitRight33 185.0  13.440000000000008
hitRight  185.0  14.740000000000009
hitRight33 185.0  14.740000000000009
hitRight  185.0  16.04000000000001
hitRight33 185.0  16.04000000000001
hitRight  185.0  17.34000000000001
hitRight33 185.0  17.34000000000001
hitleg  530.0  0.0
head
hitLeft  65.0  -17.759999999999998  -2.1800418551842347
hitLeft33 65.0  -1.3
hitLeft  65.0  -16.459999999999997  -2.213576325202988
hitLeft33 65.0  -1.3
hitLeft  65.0  -15.159999999999997  -1.649612065088679
hitLeft33 65.0  -1.3
hitLeft33 65.0  -1.3
ãÛêUÇË
hitLeft  65.0  -13.859999999999996  -1.6563390386208856
hitLeft33 65.0  -1.3
hitLeft33 65.0  -1.3
hitLeft  65.0  -12.559999999999995  -1.6643178086820782
hitLeft33 65.0  -1.3
hitLeft  65.0  -11.259999999999994  -1.6739322624756898
hitLeft33 65.0  -1.3
hitLeft33 65.0  -1.3
else  0
hitLeft33 65.0  0.0
hitLeft33 65.0  0.0
ãÛêUÇË
else  0
hitLeft33 65.0  0.0
hitLeft33 65.0  0.0
else  0
hitLeft33 65.0  0.0
hitLeft33 65.0  0.0
else  0
hitLeft33 65.0  0.0
hitLeft33 65.0  0.0
hitLeft33 65.0  0.0
hitRight  185.0  13.440000000000008
hitRight  185.0  14.740000000000009
hitRight33 185.0  14.740000000000009
hitRight  185.0  16.04000000000001
hitRight33 185.0  16.04000000000001
hitRight  185.0  17.34000000000001
hitRight33 185.0  17.34000000000001
hitleg  530.0  0.0
ãÛêUÇË
hitLeft  65.0  -11.979999999999997  -2.356946935498045
hitLeft  65.0  -10.679999999999996  -2.408362303924156
hitLeft33 65.0  -1.3
hitLeft33 65.0  -1.3
else  -76
hitleg  380.0  0.0
hitleg  530.0  0.0
hitLeft  65.0  0.0  3.141592653589793
else  0
hitLeft33 65.0  0.0
hitRight  185.0  9.860000000000007
hitRight  185.0  11.160000000000007
hitRight33 185.0  11.160000000000007
hitRight  185.0  12.460000000000008
hitRight33 185.0  12.460000000000008
hitRight  185.0  13.760000000000009
hitRight33 185.0  13.760000000000009
hitRight  185.0  15.06000000000001
hitRight33 185.0  15.06000000000001
hitleg  530.0  0.0
head
hitLeft  65.0  -19.06  -2.1494470132054073
hitLeft33 65.0  -1.3
hitLeft33 65.0  -1.3
hitLeft33 65.0  -1.3
ãÛêUÇË
hitLeft  65.0  -16.459999999999997  -1.6438642122630232
hitLeft33 65.0  -1.3
hitLeft33 65.0  -1.3
hitLeft  65.0  -15.159999999999997  -1.649612065088679
hitLeft33 65.0  -1.3
hitLeft33 65.0  -1.3
hitLeft33 65.0  -1.3
hitLeft  65.0  -12.559999999999995  -1.6643178086820782
hitLeft33 65.0  -1.3
hitLeft33 65.0  -1.3
ãÛêUÇË
hitLeft  65.0  -11.259999999999994  -1.6739322624756898
hitLeft33 65.0  -1.3
hitLeft33 65.0  -1.3
hitLeft  65.0  -9.959999999999994  -1.6857403494570251
hitLeft33 65.0  -1.3
hitLeft33 65.0  -1.3
hitLeft  65.0  -8.659999999999993  -1.7005847082290768
hitLeft33 65.0  -1.3
else  0
hitLeft33 65.0  0.0
hitLeft33 65.0  0.0
else  0
hitLeft33 65.0  0.0
hitLeft33 65.0  0.0
else  0
hitLeft33 65.0  0.0
ãÛêUÇË
hitRight4 185.0  14.740000000000009
hitRight  185.0  16.04000000000001
hitRight33 185.0  16.04000000000001
hitRight  185.0  17.34000000000001
hitRight33 185.0  17.34000000000001
hitRight  185.0  18.64000000000001
hitRight33 185.0  18.64000000000001
hitleg  530.0  0.0
hitLeft  65.0  -16.4  -2.215200777709221
hitLeft33 65.0  -1.3
ãÛêUÇË
hitLeft  65.0  -15.099999999999998  -2.2521939754270193
hitLeft33 65.0  -1.3
hitLeft33 65.0  -1.3
hitLeft  65.0  -13.799999999999997  -1.6566772778558814
hitLeft33 65.0  -1.3
hitLeft33 65.0  -1.3
hitLeft  65.0  -12.499999999999996  -1.6647220417055937
hitLeft33 65.0  -1.3
hitLeft  65.0  -11.199999999999996  -1.6744237867917684
hitLeft33 65.0  -1.3
hitLeft33 65.0  -1.3
hitLeft  65.0  -9.899999999999995  -1.6863506684685843
hitLeft33 65.0  -1.3
hitLeft33 65.0  -1.3
ãÛêUÇË
hitLeft  65.0  -8.599999999999994  -1.7013624215945244
hitLeft33 65.0  -1.3
hitLeft33 65.0  -1.3
hitLeft  65.0  -7.2999999999999945  -1.7208232835790047
hitLeft33 65.0  -1.3
hitLeft33 65.0  0.0
else  0
hitLeft33 65.0  0.0
hitLeft33 65.0  0.0
hitLeft33 65.0  0.0
else  0
hitLeft33 65.0  0.0
hitLeft33 65.0  0.0
else  0
hitLeft33 65.0  0.0
hitLeft33 65.0  0.0
hitRight  185.0  16.10000000000001
hitRight  185.0  17.40000000000001
hitRight33 185.0  17.40000000000001
hitleg  530.0  0.0
head
hitLeft  65.0  -13.859999999999996  -2.290932417660038
hitLeft33 65.0  -1.3
hitLeft  65.0  -12.559999999999995  -2.3355788545667413
hitLeft33 65.0  -1.3
hitleg  380.0  0.0
hitleg  530.0  0.0
hitLeft  65.0  -9.959999999999994  -2.439066143977059
hitLeft  65.0  -8.659999999999993  -2.4988137401451933
hitLeft33 65.0  -1.3
ãÛêUÇË
hitLeft  65.0  -8.659999999999993  -2.4988137401451933
hitLeft33 65.0  -1.3
hitLeft33 65.0  -1.3
hitLeft  65.0  -7.359999999999993  -1.719799204951627
hitLeft33 65.0  -1.3
hitLeft33 65.0  -1.3
hitLeft  65.0  -6.059999999999993  -1.7456235405282938
hitLeft33 65.0  -1.3
hitLeft33 65.0  -1.3
hitLeft33 65.0  -1.3
else  0
hitLeft33 65.0  0.0
hitLeft33 65.0  0.0
hitRight  185.0  14.740000000000009
hitRight  185.0  16.04000000000001
hitRight33 185.0  16.04000000000001
hitRight  185.0  17.34000000000001
hitRight33 185.0  17.34000000000001
hitleg  530.0  0.0
head
hitLeft  65.0  -15.159999999999997  -2.250408079206918
hitLeft33 65.0  -1.3
hitLeft  65.0  -13.859999999999996  -2.290932417660038
hitLeft33 65.0  -1.3
hitLeft  65.0  -12.559999999999995  -1.6643178086820782
hitLeft33 65.0  -1.3
hitRight4 185.0  13.440000000000008
hitRight4 185.0  14.740000000000009
hitRight33 185.0  14.740000000000009
hitRight  185.0  16.04000000000001
hitRight33 185.0  16.04000000000001
hitRight  185.0  17.34000000000001
hitRight33 185.0  17.34000000000001
hitRight33 185.0  18.64000000000001
hitleg  530.0  0.0
hitLeft  65.0  -16.459999999999997  -2.213576325202988
hitLeft33 65.0  -1.3
ãÛêUÇË
hitLeft  65.0  -15.159999999999997  -2.250408079206918
hitLeft33 65.0  -1.3
hitLeft33 65.0  -1.3
hitLeft  65.0  -13.859999999999996  -1.6563390386208856
hitLeft33 65.0  -1.3
hitLeft33 65.0  -1.3
hitLeft  65.0  -12.559999999999995  -1.6643178086820782
hitLeft33 65.0  -1.3
hitLeft  65.0  -11.259999999999994  -1.6739322624756898
hitLeft33 65.0  -1.3
hitLeft33 65.0  -1.3
else  0
hitLeft33 65.0  0.0
hitLeft33 65.0  0.0
ãÛêUÇË
else  0
hitLeft33 65.0  0.0
hitLeft33 65.0  0.0
else  0
hitLeft33 65.0  0.0
hitLeft33 65.0  0.0
else  0
hitLeft33 65.0  0.0
hitRight  185.0  12.140000000000008
hitRight4 185.0  13.440000000000008
hitRight33 185.0  13.440000000000008
hitRight  185.0  14.740000000000009
hitRight33 185.0  14.740000000000009
hitRight  185.0  16.04000000000001
hitRight33 185.0  16.04000000000001
hitRight  185.0  17.34000000000001
hitRight33 185.0  17.34000000000001
hitleg  530.0  0.0
